-- The C compiler identification is GNU 13.2.0
-- The CXX compiler identification is GNU 13.2.0
-- Detecting C compiler ABI info
-- Detecting C compiler ABI info - done
-- Check for working C compiler: /usr/bin/cc - skipped
-- Detecting C compile features
-- Detecting C compile features - done
-- Detecting CXX compiler ABI info
-- Detecting CXX compiler ABI info - done
-- Check for working CXX compiler: /usr/bin/c++ - skipped
-- Detecting CXX compile features
-- Detecting CXX compile features - done
-- Found ament_cmake: 2.5.2 (/opt/ros/jazzy/share/ament_cmake/cmake)
-- Found Python3: /usr/bin/python3 (found version "3.12.3") found components: Interpreter 
-- Found rclcpp: 28.1.5 (/opt/ros/jazzy/share/rclcpp/cmake)
-- Found rosidl_generator_c: 4.6.4 (/opt/ros/jazzy/share/rosidl_generator_c/cmake)
-- Found rosidl_generator_cpp: 4.6.4 (/opt/ros/jazzy/share/rosidl_generator_cpp/cmake)
-- Using all available rosidl_typesupport_c: rosidl_typesupport_fastrtps_c;rosidl_typesupport_introspection_c
-- Using all available rosidl_typesupport_cpp: rosidl_typesupport_fastrtps_cpp;rosidl_typesupport_introspection_cpp
-- Found rmw_implementation_cmake: 7.3.1 (/opt/ros/jazzy/share/rmw_implementation_cmake/cmake)
-- Found rmw_fastrtps_cpp: 8.4.1 (/opt/ros/jazzy/share/rmw_fastrtps_cpp/cmake)
-- Found OpenSSL: /usr/lib/x86_64-linux-gnu/libcrypto.so (found version "3.0.13")  
-- Found FastRTPS: /opt/ros/jazzy/include (Required is at least version "2.13") 
-- Using RMW implementation 'rmw_fastrtps_cpp' as default
-- Found geometry_msgs: 5.3.5 (/opt/ros/jazzy/share/geometry_msgs/cmake)
-- Found ompl: /usr/include/ompl-1.5;/usr/include;/usr/include/eigen3;/usr/include/hdf5/openmpi;/usr/lib/x86_64-linux-gnu/openmpi/include;/usr/lib/x86_64-linux-gnu/fortran/gfortran-mod-15/openmpi;/usr/lib/x86_64-linux-gnu/openmpi/include/openmpi  
-- Found OpenCV: /usr (found version "4.6.0") 
-- Found Boost: /usr/lib/x86_64-linux-gnu/cmake/Boost-1.83.0/BoostConfig.cmake (found version "1.83.0") found components: program_options 
-- Configuring done (1.2s)
-- Generating done (0.0s)
-- Build files have been written to: /home/aruz/Final_Motion/MotionPlanning/ros_ws/build/subscriber_package
[ 33%] [32mBuilding CXX object CMakeFiles/main.dir/src/main.cpp.o[0m
[ 66%] [32mBuilding CXX object CMakeFiles/main.dir/src/Visualize.cpp.o[0m
[01m[K/home/aruz/Final_Motion/MotionPlanning/ros_ws/src/subscriber_package/src/main.cpp:[m[K In member function â€˜[01m[Kvoid ListenerNode::[01;32m[Kpublish_next_point[m[K(std::vector<Point2D>&, Point2D&)[m[Kâ€™:
[01m[K/home/aruz/Final_Motion/MotionPlanning/ros_ws/src/subscriber_package/src/main.cpp:166:38:[m[K [01;31m[Kerror: [m[Kinvalid type argument of unary â€˜[01m[K*[m[Kâ€™ (have â€˜[01m[Kint[m[Kâ€™)
  166 |             float dist= sqrt((y2-y1)*[01;31m[K*2[m[K +(x2-x1)**2);
      |                                      [01;31m[K^~[m[K
[01m[K/home/aruz/Final_Motion/MotionPlanning/ros_ws/src/subscriber_package/src/main.cpp:166:50:[m[K [01;31m[Kerror: [m[Kinvalid type argument of unary â€˜[01m[K*[m[Kâ€™ (have â€˜[01m[Kint[m[Kâ€™)
  166 |             float dist= sqrt((y2-y1)**2 +(x2-x1)*[01;31m[K*2[m[K);
      |                                                  [01;31m[K^~[m[K
[01m[K/home/aruz/Final_Motion/MotionPlanning/ros_ws/src/subscriber_package/src/main.cpp:169:13:[m[K [01;31m[Kerror: [m[Kexpected â€˜[01m[K,[m[Kâ€™ or â€˜[01m[K;[m[Kâ€™ before â€˜[01m[Kfloat[m[Kâ€™
  169 |             [01;31m[Kfloat[m[K speed= c*(dist-lambda);
      |             [01;31m[K^~~~~[m[K
[01m[K/home/aruz/Final_Motion/MotionPlanning/ros_ws/src/subscriber_package/src/main.cpp:171:35:[m[K [01;31m[Kerror: [m[Kâ€˜[01m[Kx[m[Kâ€™ was not declared in this scope
  171 |             cout<<"Next Point: "<<[01;31m[Kx[m[K<<" "<<y<<" "<<angle<<endl;
      |                                   [01;31m[K^[m[K
[01m[K/home/aruz/Final_Motion/MotionPlanning/ros_ws/src/subscriber_package/src/main.cpp:171:43:[m[K [01;31m[Kerror: [m[Kâ€˜[01m[Ky[m[Kâ€™ was not declared in this scope; did you mean â€˜[01m[Kyn[m[Kâ€™?
  171 |             cout<<"Next Point: "<<x<<" "<<[01;31m[Ky[m[K<<" "<<angle<<endl;
      |                                           [01;31m[K^[m[K
      |                                           [32m[Kyn[m[K
[01m[K/home/aruz/Final_Motion/MotionPlanning/ros_ws/src/subscriber_package/src/main.cpp:173:28:[m[K [01;31m[Kerror: [m[Kâ€˜[01m[Kspeed[m[Kâ€™ was not declared in this scope
  173 |                 float vx = [01;31m[Kspeed[m[K * cos(angle);
      |                            [01;31m[K^~~~~[m[K
[01m[K/home/aruz/Final_Motion/MotionPlanning/ros_ws/src/subscriber_package/src/main.cpp:175:1:[m[K [01;31m[Kerror: [m[Kâ€˜[01m[Ks[m[Kâ€™ was not declared in this scope
  175 | [01;31m[Ks[m[K
      | [01;31m[K^[m[K
[01m[K/home/aruz/Final_Motion/MotionPlanning/ros_ws/src/subscriber_package/src/main.cpp:182:13:[m[K [01;31m[Kerror: [m[Kexpected â€˜[01m[K,[m[Kâ€™ or â€˜[01m[K;[m[Kâ€™ before â€˜[01m[Kfloat[m[Kâ€™
  182 |             [01;31m[Kfloat[m[K rel_angle= ball_wrto_bot-bot_global_angle;
      |             [01;31m[K^~~~~[m[K
[01m[K/home/aruz/Final_Motion/MotionPlanning/ros_ws/src/subscriber_package/src/main.cpp:184:13:[m[K [01;31m[Kerror: [m[Kâ€˜[01m[Krel_angle[m[Kâ€™ was not declared in this scope
  184 |             [01;31m[Krel_angle[m[K=min(rel_angle,0.3);
      |             [01;31m[K^~~~~~~~~[m[K
[01m[K/home/aruz/Final_Motion/MotionPlanning/ros_ws/src/subscriber_package/src/main.cpp:187:36:[m[K [01;31m[Kerror: [m[Kâ€˜[01m[Kbot_global_angle[m[Kâ€™ was not declared in this scope
  187 |             float theta= rel_angle+[01;31m[Kbot_global_angle[m[K;
      |                                    [01;31m[K^~~~~~~~~~~~~~~~[m[K
[01m[K/home/aruz/Final_Motion/MotionPlanning/ros_ws/src/subscriber_package/src/main.cpp:191:55:[m[K [01;31m[Kerror: [m[Kno match for â€˜[01m[Koperator=[m[Kâ€™ (operand types are â€˜[01m[Kstd_msgs::msg::Float32MultiArray_<std::allocator<void> >::_data_type[m[Kâ€™ {aka â€˜[01m[Kstd::vector<float>[m[Kâ€™} and â€˜[01m[K<brace-enclosed initializer list>[m[Kâ€™)
  191 |             message.data = {x, y, theta, vx, vy, omega[01;31m[K}[m[K;
      |                                                       [01;31m[K^[m[K
In file included from [01m[K/usr/include/c++/13/vector:72[m[K,
                 from [01m[K/home/aruz/Final_Motion/MotionPlanning/ros_ws/src/subscriber_package/src/main.cpp:3[m[K:
[01m[K/usr/include/c++/13/bits/vector.tcc:210:5:[m[K [01;36m[Knote: [m[Kcandidate: â€˜[01m[Kstd::vector<_Tp, _Alloc>& std::vector<_Tp, _Alloc>::[01;32m[Koperator=[m[K(const std::vector<_Tp, _Alloc>&) [35m[K[with _Tp = float; _Alloc = std::allocator<float>][m[K[m[Kâ€™
  210 |     [01;36m[Kvector<_Tp, _Alloc>[m[K::
      |     [01;36m[K^~~~~~~~~~~~~~~~~~~[m[K
[01m[K/usr/include/c++/13/bits/vector.tcc:211:42:[m[K [01;36m[Knote: [m[K  no known conversion for argument 1 from â€˜[01m[K<brace-enclosed initializer list>[m[Kâ€™ to â€˜[01m[Kconst std::vector<float>&[m[Kâ€™
  211 |     operator=([01;36m[Kconst vector<_Tp, _Alloc>& __x[m[K)
      |               [01;36m[K~~~~~~~~~~~~~~~~~~~~~~~~~~~^~~[m[K
In file included from [01m[K/usr/include/c++/13/vector:66[m[K:
[01m[K/usr/include/c++/13/bits/stl_vector.h:766:7:[m[K [01;36m[Knote: [m[Kcandidate: â€˜[01m[Kstd::vector<_Tp, _Alloc>& std::vector<_Tp, _Alloc>::[01;32m[Koperator=[m[K(std::vector<_Tp, _Alloc>&&) [35m[K[with _Tp = float; _Alloc = std::allocator<float>][m[K[m[Kâ€™
  766 |       [01;36m[Koperator[m[K=(vector&& __x) noexcept(_Alloc_traits::_S_nothrow_move())
      |       [01;36m[K^~~~~~~~[m[K
[01m[K/usr/include/c++/13/bits/stl_vector.h:766:26:[m[K [01;36m[Knote: [m[K  no known conversion for argument 1 from â€˜[01m[K<brace-enclosed initializer list>[m[Kâ€™ to â€˜[01m[Kstd::vector<float>&&[m[Kâ€™
  766 |       operator=([01;36m[Kvector&& __x[m[K) noexcept(_Alloc_traits::_S_nothrow_move())
      |                 [01;36m[K~~~~~~~~~^~~[m[K
[01m[K/usr/include/c++/13/bits/stl_vector.h:788:7:[m[K [01;36m[Knote: [m[Kcandidate: â€˜[01m[Kstd::vector<_Tp, _Alloc>& std::vector<_Tp, _Alloc>::[01;32m[Koperator=[m[K(std::initializer_list<_Tp>) [35m[K[with _Tp = float; _Alloc = std::allocator<float>][m[K[m[Kâ€™
  788 |       [01;36m[Koperator[m[K=(initializer_list<value_type> __l)
      |       [01;36m[K^~~~~~~~[m[K
[01m[K/usr/include/c++/13/bits/stl_vector.h:788:46:[m[K [01;36m[Knote: [m[K  no known conversion for argument 1 from â€˜[01m[K<brace-enclosed initializer list>[m[Kâ€™ to â€˜[01m[Kstd::initializer_list<float>[m[Kâ€™
  788 |       operator=([01;36m[Kinitializer_list<value_type> __l[m[K)
      |                 [01;36m[K~~~~~~~~~~~~~~~~~~~~~~~~~~~~~^~~[m[K
In file included from [01m[K/home/aruz/Final_Motion/MotionPlanning/ros_ws/src/subscriber_package/src/main.cpp:6[m[K:
[01m[K/home/aruz/Final_Motion/MotionPlanning/ros_ws/src/subscriber_package/include/PathPlanner.hpp:[m[K In function â€˜[01m[Kstd::vector<std::pair<double, double> >[01;32m[K plan[m[K(double, double, double, std::vector<Point2D>&, optimalPlanner, planningObjective, Point2D&, Point2D&)[m[Kâ€™:
[01m[K/home/aruz/Final_Motion/MotionPlanning/ros_ws/src/subscriber_package/include/PathPlanner.hpp:343:1:[m[K [01;35m[Kwarning: [m[Kcontrol reaches end of non-void function [[01;35m[K]8;;https://gcc.gnu.org/onlinedocs/gcc/Warning-Options.html#index-Wreturn-type-Wreturn-type]8;;[m[K]
  343 | [01;35m[K}[m[K
      | [01;35m[K^[m[K
[01m[K/home/aruz/Final_Motion/MotionPlanning/ros_ws/src/subscriber_package/include/PathPlanner.hpp:[m[K In function â€˜[01m[Kbool[01;32m[K argParse[m[K(int, char**, double*, optimalPlanner*, planningObjective*, std::string*)[m[Kâ€™:
[01m[K/home/aruz/Final_Motion/MotionPlanning/ros_ws/src/subscriber_package/include/PathPlanner.hpp:505:1:[m[K [01;35m[Kwarning: [m[Kcontrol reaches end of non-void function [[01;35m[K]8;;https://gcc.gnu.org/onlinedocs/gcc/Warning-Options.html#index-Wreturn-type-Wreturn-type]8;;[m[K]
  505 | [01;35m[K}[m[K
      | [01;35m[K^[m[K
gmake[2]: *** [CMakeFiles/main.dir/build.make:76: CMakeFiles/main.dir/src/main.cpp.o] Error 1
gmake[1]: *** [CMakeFiles/Makefile2:137: CMakeFiles/main.dir/all] Error 2
gmake: *** [Makefile:146: all] Error 2
