[0.007s] Invoking command in '/home/aruz/Final_Motion/MotionPlanning/ros_ws/build/subscriber_package': CMAKE_PREFIX_PATH=${CMAKE_PREFIX_PATH}:/opt/ros/jazzy DEBUGINFOD_URLS=https://debuginfod.ubuntu.com /usr/bin/cmake --build /home/aruz/Final_Motion/MotionPlanning/ros_ws/build/subscriber_package -- -j24 -l24
[0.098s] [ 33%] [32mBuilding CXX object CMakeFiles/main.dir/src/main.cpp.o[0m
[3.667s] [01m[K/home/aruz/Final_Motion/MotionPlanning/ros_ws/src/subscriber_package/src/main.cpp:[m[K In member function â€˜[01m[Kvoid ListenerNode::[01;32m[Kpublish_next_point[m[K(std::vector<Point2D>&, Point2D&)[m[Kâ€™:
[3.668s] [01m[K/home/aruz/Final_Motion/MotionPlanning/ros_ws/src/subscriber_package/src/main.cpp:183:26:[m[K [01;31m[Kerror: [m[Kno matching function for call to â€˜[01m[Kmax(float&, double)[m[Kâ€™
[3.668s]   183 |             rel_angle=[01;31m[Kmax(rel_angle,-0.3)[m[K;
[3.668s]       |                       [01;31m[K~~~^~~~~~~~~~~~~~~~[m[K
[3.668s] In file included from [01m[K/usr/include/c++/13/string:51[m[K,
[3.668s]                  from [01m[K/usr/include/c++/13/bits/locale_classes.h:40[m[K,
[3.668s]                  from [01m[K/usr/include/c++/13/bits/ios_base.h:41[m[K,
[3.668s]                  from [01m[K/usr/include/c++/13/ios:44[m[K,
[3.668s]                  from [01m[K/usr/include/c++/13/ostream:40[m[K,
[3.668s]                  from [01m[K/usr/include/c++/13/iostream:41[m[K,
[3.668s]                  from [01m[K/home/aruz/Final_Motion/MotionPlanning/ros_ws/src/subscriber_package/src/main.cpp:1[m[K:
[3.669s] [01m[K/usr/include/c++/13/bits/stl_algobase.h:257:5:[m[K [01;36m[Knote: [m[Kcandidate: â€˜[01m[Ktemplate<class _Tp> constexpr const _Tp& std::[01;32m[Kmax[m[K(const _Tp&, const _Tp&)[m[Kâ€™
[3.669s]   257 |     [01;36m[Kmax[m[K(const _Tp& __a, const _Tp& __b)
[3.669s]       |     [01;36m[K^~~[m[K
[3.669s] [01m[K/usr/include/c++/13/bits/stl_algobase.h:257:5:[m[K [01;36m[Knote: [m[K  template argument deduction/substitution failed:
[3.669s] [01m[K/home/aruz/Final_Motion/MotionPlanning/ros_ws/src/subscriber_package/src/main.cpp:183:26:[m[K [01;36m[Knote: [m[K  deduced conflicting types for parameter â€˜[01m[Kconst _Tp[m[Kâ€™ (â€˜[01m[Kfloat[m[Kâ€™ and â€˜[01m[Kdouble[m[Kâ€™)
[3.669s]   183 |             rel_angle=[01;36m[Kmax(rel_angle,-0.3)[m[K;
[3.669s]       |                       [01;36m[K~~~^~~~~~~~~~~~~~~~[m[K
[3.669s] [01m[K/usr/include/c++/13/bits/stl_algobase.h:303:5:[m[K [01;36m[Knote: [m[Kcandidate: â€˜[01m[Ktemplate<class _Tp, class _Compare> constexpr const _Tp& std::[01;32m[Kmax[m[K(const _Tp&, const _Tp&, _Compare)[m[Kâ€™
[3.669s]   303 |     [01;36m[Kmax[m[K(const _Tp& __a, const _Tp& __b, _Compare __comp)
[3.669s]       |     [01;36m[K^~~[m[K
[3.669s] [01m[K/usr/include/c++/13/bits/stl_algobase.h:303:5:[m[K [01;36m[Knote: [m[K  template argument deduction/substitution failed:
[3.669s] [01m[K/home/aruz/Final_Motion/MotionPlanning/ros_ws/src/subscriber_package/src/main.cpp:183:26:[m[K [01;36m[Knote: [m[K  deduced conflicting types for parameter â€˜[01m[Kconst _Tp[m[Kâ€™ (â€˜[01m[Kfloat[m[Kâ€™ and â€˜[01m[Kdouble[m[Kâ€™)
[3.670s]   183 |             rel_angle=[01;36m[Kmax(rel_angle,-0.3)[m[K;
[3.670s]       |                       [01;36m[K~~~^~~~~~~~~~~~~~~~[m[K
[3.670s] In file included from [01m[K/usr/include/c++/13/algorithm:61[m[K,
[3.670s]                  from [01m[K/usr/include/ompl-1.5/ompl/util/RandomNumbers.h:44[m[K,
[3.670s]                  from [01m[K/usr/include/ompl-1.5/ompl/base/StateSampler.h:41[m[K,
[3.670s]                  from [01m[K/usr/include/ompl-1.5/ompl/base/StateSpace.h:42[m[K,
[3.670s]                  from [01m[K/usr/include/ompl-1.5/ompl/base/SpaceInformation.h:43[m[K,
[3.670s]                  from [01m[K/home/aruz/Final_Motion/MotionPlanning/ros_ws/src/subscriber_package/include/PathPlanner.hpp:4[m[K,
[3.670s]                  from [01m[K/home/aruz/Final_Motion/MotionPlanning/ros_ws/src/subscriber_package/src/main.cpp:6[m[K:
[3.670s] [01m[K/usr/include/c++/13/bits/stl_algo.h:5795:5:[m[K [01;36m[Knote: [m[Kcandidate: â€˜[01m[Ktemplate<class _Tp> constexpr _Tp std::[01;32m[Kmax[m[K(initializer_list<_Tp>)[m[Kâ€™
[3.670s]  5795 |     [01;36m[Kmax[m[K(initializer_list<_Tp> __l)
[3.670s]       |     [01;36m[K^~~[m[K
[3.671s] [01m[K/usr/include/c++/13/bits/stl_algo.h:5795:5:[m[K [01;36m[Knote: [m[K  template argument deduction/substitution failed:
[3.671s] [01m[K/home/aruz/Final_Motion/MotionPlanning/ros_ws/src/subscriber_package/src/main.cpp:183:26:[m[K [01;36m[Knote: [m[K  mismatched types â€˜[01m[Kstd::initializer_list<_Tp>[m[Kâ€™ and â€˜[01m[Kfloat[m[Kâ€™
[3.671s]   183 |             rel_angle=[01;36m[Kmax(rel_angle,-0.3)[m[K;
[3.671s]       |                       [01;36m[K~~~^~~~~~~~~~~~~~~~[m[K
[3.671s] [01m[K/usr/include/c++/13/bits/stl_algo.h:5805:5:[m[K [01;36m[Knote: [m[Kcandidate: â€˜[01m[Ktemplate<class _Tp, class _Compare> constexpr _Tp std::[01;32m[Kmax[m[K(initializer_list<_Tp>, _Compare)[m[Kâ€™
[3.671s]  5805 |     [01;36m[Kmax[m[K(initializer_list<_Tp> __l, _Compare __comp)
[3.671s]       |     [01;36m[K^~~[m[K
[3.671s] [01m[K/usr/include/c++/13/bits/stl_algo.h:5805:5:[m[K [01;36m[Knote: [m[K  template argument deduction/substitution failed:
[3.671s] [01m[K/home/aruz/Final_Motion/MotionPlanning/ros_ws/src/subscriber_package/src/main.cpp:183:26:[m[K [01;36m[Knote: [m[K  mismatched types â€˜[01m[Kstd::initializer_list<_Tp>[m[Kâ€™ and â€˜[01m[Kfloat[m[Kâ€™
[3.671s]   183 |             rel_angle=[01;36m[Kmax(rel_angle,-0.3)[m[K;
[3.671s]       |                       [01;36m[K~~~^~~~~~~~~~~~~~~~[m[K
[5.596s] [01m[K/home/aruz/Final_Motion/MotionPlanning/ros_ws/src/subscriber_package/include/PathPlanner.hpp:[m[K In function â€˜[01m[Kstd::vector<std::pair<double, double> >[01;32m[K plan[m[K(double, double, double, std::vector<Point2D>&, optimalPlanner, planningObjective, Point2D&, Point2D&)[m[Kâ€™:
[5.596s] [01m[K/home/aruz/Final_Motion/MotionPlanning/ros_ws/src/subscriber_package/include/PathPlanner.hpp:343:1:[m[K [01;35m[Kwarning: [m[Kcontrol reaches end of non-void function [[01;35m[K]8;;https://gcc.gnu.org/onlinedocs/gcc/Warning-Options.html#index-Wreturn-type-Wreturn-type]8;;[m[K]
[5.596s]   343 | [01;35m[K}[m[K
[5.596s]       | [01;35m[K^[m[K
[5.610s] [01m[K/home/aruz/Final_Motion/MotionPlanning/ros_ws/src/subscriber_package/include/PathPlanner.hpp:[m[K In function â€˜[01m[Kbool[01;32m[K argParse[m[K(int, char**, double*, optimalPlanner*, planningObjective*, std::string*)[m[Kâ€™:
[5.610s] [01m[K/home/aruz/Final_Motion/MotionPlanning/ros_ws/src/subscriber_package/include/PathPlanner.hpp:505:1:[m[K [01;35m[Kwarning: [m[Kcontrol reaches end of non-void function [[01;35m[K]8;;https://gcc.gnu.org/onlinedocs/gcc/Warning-Options.html#index-Wreturn-type-Wreturn-type]8;;[m[K]
[5.610s]   505 | [01;35m[K}[m[K
[5.610s]       | [01;35m[K^[m[K
[5.784s] gmake[2]: *** [CMakeFiles/main.dir/build.make:76: CMakeFiles/main.dir/src/main.cpp.o] Error 1
[5.785s] gmake[1]: *** [CMakeFiles/Makefile2:137: CMakeFiles/main.dir/all] Error 2
[5.785s] gmake: *** [Makefile:146: all] Error 2
[5.787s] Invoked command in '/home/aruz/Final_Motion/MotionPlanning/ros_ws/build/subscriber_package' returned '2': CMAKE_PREFIX_PATH=${CMAKE_PREFIX_PATH}:/opt/ros/jazzy DEBUGINFOD_URLS=https://debuginfod.ubuntu.com /usr/bin/cmake --build /home/aruz/Final_Motion/MotionPlanning/ros_ws/build/subscriber_package -- -j24 -l24
