[ 20%] [32mBuilding CXX object CMakeFiles/main.dir/src/main.cpp.o[0m
[01m[K/home/debraj/Documents/MotionPlanning/ros_ws/src/subscriber_package/src/main.cpp:[m[K In member function â€˜[01m[Kvoid ListenerNode::[01;32m[Ko1_callback[m[K(std_msgs::msg::Float32MultiArray_<std::allocator<void> >::SharedPtr)[m[Kâ€™:
[01m[K/home/debraj/Documents/MotionPlanning/ros_ws/src/subscriber_package/src/main.cpp:98:26:[m[K [01;31m[Kerror: [m[Kâ€˜[01m[Kmy_pose[m[Kâ€™ was not declared in this scope
   98 |         nowPos = Point2D([01;31m[Kmy_pose[m[K.position.x, my_pose.position.y, my_pose.position.z);
      |                          [01;31m[K^~~~~~~[m[K
In file included from [01m[K/home/debraj/Documents/MotionPlanning/ros_ws/src/subscriber_package/src/main.cpp:8[m[K:
[01m[K/home/debraj/Documents/MotionPlanning/ros_ws/src/subscriber_package/include/PathPlanner.hpp:[m[K In function â€˜[01m[Kbool[01;32m[K argParse[m[K(int, char**, double*, optimalPlanner*, planningObjective*, std::string*)[m[Kâ€™:
[01m[K/home/debraj/Documents/MotionPlanning/ros_ws/src/subscriber_package/include/PathPlanner.hpp:500:1:[m[K [01;35m[Kwarning: [m[Kcontrol reaches end of non-void function [[01;35m[K]8;;https://gcc.gnu.org/onlinedocs/gcc/Warning-Options.html#index-Wreturn-type-Wreturn-type]8;;[m[K]
  500 | [01;35m[K}[m[K
      | [01;35m[K^[m[K
gmake[2]: *** [CMakeFiles/main.dir/build.make:76: CMakeFiles/main.dir/src/main.cpp.o] Error 1
gmake[1]: *** [CMakeFiles/Makefile2:137: CMakeFiles/main.dir/all] Error 2
gmake: *** [Makefile:146: all] Error 2
